My File Appender: 2021-03-17 12:06:29,693 ERROR com.ivoronline.springboot_log_logback_config_xml.controllers.MyController Some error occured 
My File Appender: 2021-03-17 12:06:29,695 WARN com.ivoronline.springboot_log_logback_config_xml.controllers.MyController Some warn  occured 
My File Appender: 2021-03-17 12:06:29,695 INFO com.ivoronline.springboot_log_logback_config_xml.controllers.MyController Some info  occured 
My File Appender: 2021-03-17 12:08:18,237 ERROR com.ivoronline.springboot_log_logback_config_xml.controllers.MyController Some error occured 
My File Appender: 2021-03-17 12:08:18,237 WARN com.ivoronline.springboot_log_logback_config_xml.controllers.MyController Some warn  occured 
My File Appender: 2021-03-17 12:08:18,237 INFO com.ivoronline.springboot_log_logback_config_xml.controllers.MyController Some info  occured 
My File Appender: 2021-03-17 12:08:32,312 ERROR com.ivoronline.springboot_log_logback_config_xml.controllers.MyController Some error occured 
My File Appender: 2021-03-17 12:08:32,313 WARN com.ivoronline.springboot_log_logback_config_xml.controllers.MyController Some warn  occured 
My File Appender: 2021-03-17 12:08:32,313 INFO com.ivoronline.springboot_log_logback_config_xml.controllers.MyController Some info  occured 
My File Appender: 2021-03-17 12:08:42,439 ERROR com.ivoronline.springboot_log_logback_config_xml.controllers.MyController Some error occured 
My File Appender: 2021-03-17 12:08:42,440 WARN com.ivoronline.springboot_log_logback_config_xml.controllers.MyController Some warn  occured 
My File Appender: 2021-03-17 12:08:42,441 INFO com.ivoronline.springboot_log_logback_config_xml.controllers.MyController Some info  occured 
My File Appender: 2021-03-17 12:08:52,322 ERROR com.ivoronline.springboot_log_logback_config_xml.controllers.MyController Some error occured 
My File Appender: 2021-03-17 12:08:52,323 WARN com.ivoronline.springboot_log_logback_config_xml.controllers.MyController Some warn  occured 
My File Appender: 2021-03-17 12:08:52,323 INFO com.ivoronline.springboot_log_logback_config_xml.controllers.MyController Some info  occured 
My File Appender: 2021-03-17 12:12:13,404 ERROR com.ivoronline.springboot_log_logback_config_xml.controllers.MyController Some error occured 
My File Appender: 2021-03-17 12:12:13,407 WARN com.ivoronline.springboot_log_logback_config_xml.controllers.MyController Some warn  occured 
My File Appender: 2021-03-17 12:12:13,407 INFO com.ivoronline.springboot_log_logback_config_xml.controllers.MyController Some info  occured 
My File Appender: 2021-03-17 12:12:26,410 ERROR com.ivoronline.springboot_log_logback_config_xml.controllers.MyController Some error occured 
My File Appender: 2021-03-17 12:12:26,412 WARN com.ivoronline.springboot_log_logback_config_xml.controllers.MyController Some warn  occured 
My File Appender: 2021-03-17 12:12:26,412 INFO com.ivoronline.springboot_log_logback_config_xml.controllers.MyController Some info  occured 
My File Appender: 2021-03-17 12:12:54,144 ERROR com.ivoronline.springboot_log_logback_config_xml.controllers.MyController Some error occured 
My File Appender: 2021-03-17 12:12:54,145 WARN com.ivoronline.springboot_log_logback_config_xml.controllers.MyController Some warn  occured 
My File Appender: 2021-03-17 12:12:54,145 INFO com.ivoronline.springboot_log_logback_config_xml.controllers.MyController Some info  occured 
My File Appender: 2021-03-17 12:14:16,878 ERROR com.ivoronline.springboot_log_logback_config_xml.controllers.MyController Some error occured 
My File Appender: 2021-03-17 12:14:16,880 WARN com.ivoronline.springboot_log_logback_config_xml.controllers.MyController Some warn  occured 
My File Appender: 2021-03-17 12:14:16,880 INFO com.ivoronline.springboot_log_logback_config_xml.controllers.MyController Some info  occured 
My File Appender: 2021-03-17 12:17:39,691 ERROR c.i.s.controllers.MyController Some error occured 
My File Appender: 2021-03-17 12:17:39,692 WARN c.i.s.controllers.MyController Some warn  occured 
My File Appender: 2021-03-17 12:17:39,692 INFO c.i.s.controllers.MyController Some info  occured 
